17/06/2024 00:47:17 devpinoyLogger Config file loaded
17/06/2024 00:47:17 devpinoyLogger OR file loaded
17/06/2024 00:47:19 devpinoyLogger Chrome instance created
17/06/2024 00:47:20 devpinoyLogger Navigated to URL
17/06/2024 00:47:24 devpinoyLogger Browser maximized
17/06/2024 00:47:24 devpinoyLogger Inside login test 
17/06/2024 00:47:25 devpinoyLogger clicked on element  
17/06/2024 00:47:25 devpinoyLogger element is presentLOGINBUTTON
17/06/2024 00:47:25 devpinoyLogger Inside login test 
17/06/2024 00:47:28 devpinoyLogger Browser closed
17/06/2024 00:47:49 devpinoyLogger Config file loaded
17/06/2024 00:47:49 devpinoyLogger OR file loaded
17/06/2024 00:47:51 devpinoyLogger Chrome instance created
17/06/2024 00:47:53 devpinoyLogger Navigated to URL
17/06/2024 00:47:53 devpinoyLogger Browser maximized
17/06/2024 00:47:53 devpinoyLogger Inside login test 
17/06/2024 00:47:54 devpinoyLogger clicked on element  
17/06/2024 00:47:54 devpinoyLogger element is presentLOGINBUTTON
17/06/2024 00:47:54 devpinoyLogger Executing NavigateToBuyer
17/06/2024 00:47:55 devpinoyLogger Clicked on element using js[[ChromeDriver: chrome on windows (64a80edb883ceef444fc741d0ec1ed4f)] -> xpath: //li[@id='buyer']/a//div/following-sibling::div]
17/06/2024 00:47:56 devpinoyLogger clicked on textfield
17/06/2024 00:47:56 devpinoyLogger entered the buyer name
17/06/2024 00:48:02 devpinoyLogger Browser closed
17/06/2024 01:51:24 devpinoyLogger Config file loaded
17/06/2024 01:51:24 devpinoyLogger OR file loaded
17/06/2024 01:51:27 devpinoyLogger Chrome instance created
17/06/2024 01:51:30 devpinoyLogger Navigated to URL
17/06/2024 01:51:30 devpinoyLogger Browser maximized
17/06/2024 01:51:30 devpinoyLogger Inside login test 
17/06/2024 01:51:31 devpinoyLogger clicked on element  
17/06/2024 01:51:31 devpinoyLogger element is presentLOGINBUTTON
17/06/2024 01:51:32 devpinoyLogger Browser closed
17/06/2024 01:52:25 devpinoyLogger Config file loaded
17/06/2024 01:52:25 devpinoyLogger OR file loaded
17/06/2024 01:52:28 devpinoyLogger Chrome instance created
17/06/2024 01:52:28 devpinoyLogger Navigated to URL
17/06/2024 01:52:31 devpinoyLogger Browser maximized
17/06/2024 01:52:31 devpinoyLogger Inside login test 
17/06/2024 01:52:32 devpinoyLogger clicked on element  
17/06/2024 01:52:32 devpinoyLogger element is presentLOGINBUTTON
17/06/2024 01:52:32 devpinoyLogger Browser closed
17/06/2024 01:53:34 devpinoyLogger Config file loaded
17/06/2024 01:53:34 devpinoyLogger OR file loaded
17/06/2024 01:53:38 devpinoyLogger Chrome instance created
17/06/2024 01:53:47 devpinoyLogger Navigated to URL
17/06/2024 01:53:48 devpinoyLogger Browser maximized
17/06/2024 01:53:48 devpinoyLogger Inside login test 
17/06/2024 01:53:49 devpinoyLogger clicked on element  
17/06/2024 01:53:49 devpinoyLogger element is presentLOGINBUTTON
17/06/2024 01:53:50 devpinoyLogger Browser closed
17/06/2024 01:54:53 devpinoyLogger Config file loaded
17/06/2024 01:54:53 devpinoyLogger OR file loaded
17/06/2024 01:54:56 devpinoyLogger Chrome instance created
17/06/2024 01:54:59 devpinoyLogger Navigated to URL
17/06/2024 01:54:59 devpinoyLogger Browser maximized
17/06/2024 01:54:59 devpinoyLogger Inside login test 
17/06/2024 01:55:00 devpinoyLogger clicked on element  
17/06/2024 01:55:00 devpinoyLogger element is presentLOGINBUTTON
17/06/2024 01:55:01 devpinoyLogger Browser closed
17/06/2024 01:56:47 devpinoyLogger Config file loaded
17/06/2024 01:56:47 devpinoyLogger OR file loaded
17/06/2024 01:56:50 devpinoyLogger Chrome instance created
17/06/2024 01:56:50 devpinoyLogger Navigated to URL
17/06/2024 01:56:53 devpinoyLogger Browser maximized
17/06/2024 01:56:53 devpinoyLogger Inside login test 
17/06/2024 01:56:54 devpinoyLogger clicked on element  
17/06/2024 01:56:54 devpinoyLogger element is presentLOGINBUTTON
17/06/2024 01:56:55 devpinoyLogger Browser closed
17/06/2024 02:02:45 devpinoyLogger Config file loaded
17/06/2024 02:02:45 devpinoyLogger OR file loaded
17/06/2024 02:02:48 devpinoyLogger Chrome instance created
17/06/2024 02:02:51 devpinoyLogger Navigated to URL
17/06/2024 02:02:51 devpinoyLogger Browser maximized
17/06/2024 02:02:51 devpinoyLogger Inside login test 
17/06/2024 02:02:53 devpinoyLogger clicked on element  
17/06/2024 02:02:53 devpinoyLogger element is presentLOGINBUTTON
17/06/2024 02:03:04 devpinoyLogger Browser closed
17/06/2024 02:06:44 devpinoyLogger Config file loaded
17/06/2024 02:06:44 devpinoyLogger OR file loaded
17/06/2024 02:06:46 devpinoyLogger Chrome instance created
17/06/2024 02:06:51 devpinoyLogger Navigated to URL
17/06/2024 02:06:51 devpinoyLogger Browser maximized
17/06/2024 02:06:51 devpinoyLogger Inside login test 
17/06/2024 02:06:52 devpinoyLogger clicked on element  
17/06/2024 02:06:52 devpinoyLogger element is presentLOGINBUTTON
17/06/2024 02:06:52 devpinoyLogger Executing NavigateToBuyer
17/06/2024 02:06:54 devpinoyLogger Clicked on element using js[[ChromeDriver: chrome on windows (575521bc0a1f567dd8dab5545d90b04a)] -> xpath: //li[@id='buyer']/a//div/following-sibling::div]
17/06/2024 02:06:56 devpinoyLogger clicked on textfield
17/06/2024 02:06:57 devpinoyLogger Browser closed
17/06/2024 02:10:42 devpinoyLogger Config file loaded
17/06/2024 02:10:42 devpinoyLogger OR file loaded
17/06/2024 02:10:45 devpinoyLogger Chrome instance created
17/06/2024 02:10:45 devpinoyLogger Navigated to URL
17/06/2024 02:10:48 devpinoyLogger Browser maximized
17/06/2024 02:10:48 devpinoyLogger Inside login test 
17/06/2024 02:10:48 devpinoyLogger clicked on element  
17/06/2024 02:10:48 devpinoyLogger element is presentLOGINBUTTON
17/06/2024 02:10:49 devpinoyLogger Browser closed
17/06/2024 02:14:38 devpinoyLogger Config file loaded
17/06/2024 02:14:38 devpinoyLogger OR file loaded
17/06/2024 02:14:41 devpinoyLogger Chrome instance created
17/06/2024 02:14:44 devpinoyLogger Navigated to URL
17/06/2024 02:14:44 devpinoyLogger Browser maximized
17/06/2024 02:14:44 devpinoyLogger Inside login test 
17/06/2024 02:14:45 devpinoyLogger clicked on element  
17/06/2024 02:14:45 devpinoyLogger element is presentLOGINBUTTON
17/06/2024 02:14:45 devpinoyLogger Executing NavigateToBuyer
17/06/2024 02:14:47 devpinoyLogger Clicked on element using js[[ChromeDriver: chrome on windows (f74fdc50184979438d40db2496c221ab)] -> xpath: //li[@id='buyer']/a//div/following-sibling::div]
17/06/2024 02:14:49 devpinoyLogger clicked on textfield
17/06/2024 02:14:51 devpinoyLogger Browser closed
17/06/2024 02:20:47 devpinoyLogger Config file loaded
17/06/2024 02:20:47 devpinoyLogger OR file loaded
17/06/2024 02:20:51 devpinoyLogger Chrome instance created
17/06/2024 02:20:54 devpinoyLogger Navigated to URL
17/06/2024 02:20:54 devpinoyLogger Browser maximized
17/06/2024 02:20:54 devpinoyLogger Inside login test 
17/06/2024 02:20:55 devpinoyLogger clicked on element  
17/06/2024 02:20:55 devpinoyLogger element is presentLOGINBUTTON
17/06/2024 02:20:56 devpinoyLogger Browser closed
17/06/2024 02:21:39 devpinoyLogger Config file loaded
17/06/2024 02:21:39 devpinoyLogger OR file loaded
17/06/2024 02:21:42 devpinoyLogger Chrome instance created
17/06/2024 02:21:42 devpinoyLogger Navigated to URL
17/06/2024 02:21:45 devpinoyLogger Browser maximized
17/06/2024 02:21:45 devpinoyLogger Inside login test 
17/06/2024 02:21:45 devpinoyLogger clicked on element  
17/06/2024 02:21:45 devpinoyLogger element is presentLOGINBUTTON
17/06/2024 02:21:46 devpinoyLogger Executing NavigateToBuyer
17/06/2024 02:21:48 devpinoyLogger Clicked on element using js[[ChromeDriver: chrome on windows (e67e0200ecc836ee0203ab4c305e8f68)] -> xpath: //li[@id='buyer']/a//div/following-sibling::div]
17/06/2024 02:21:50 devpinoyLogger clicked on textfield
17/06/2024 02:21:50 devpinoyLogger Executing NavigateToBuyer
17/06/2024 02:21:51 devpinoyLogger Clicked on element using js[[ChromeDriver: chrome on windows (e67e0200ecc836ee0203ab4c305e8f68)] -> xpath: //li[@id='buyer']/a//div/following-sibling::div]
17/06/2024 02:22:16 devpinoyLogger Browser closed
17/06/2024 02:25:10 devpinoyLogger Config file loaded
17/06/2024 02:25:10 devpinoyLogger OR file loaded
17/06/2024 02:25:13 devpinoyLogger Chrome instance created
17/06/2024 02:25:16 devpinoyLogger Navigated to URL
17/06/2024 02:25:16 devpinoyLogger Browser maximized
17/06/2024 02:25:16 devpinoyLogger Inside login test 
17/06/2024 02:25:16 devpinoyLogger clicked on element  
17/06/2024 02:25:16 devpinoyLogger element is presentLOGINBUTTON
17/06/2024 02:25:16 devpinoyLogger null
17/06/2024 02:25:16 devpinoyLogger Executing NavigateToBuyer
17/06/2024 02:25:19 devpinoyLogger Clicked on element using js[[ChromeDriver: chrome on windows (a0659898c75bdc2e842b261eaff621d9)] -> xpath: //li[@id='buyer']/a//div/following-sibling::div]
17/06/2024 02:25:21 devpinoyLogger clicked on textfield
17/06/2024 02:25:21 devpinoyLogger null
17/06/2024 02:25:21 devpinoyLogger Executing NavigateToBuyer
17/06/2024 02:25:21 devpinoyLogger Clicked on element using js[[ChromeDriver: chrome on windows (a0659898c75bdc2e842b261eaff621d9)] -> xpath: //li[@id='buyer']/a//div/following-sibling::div]
17/06/2024 02:25:23 devpinoyLogger Browser closed
17/06/2024 02:26:05 devpinoyLogger Config file loaded
17/06/2024 02:26:05 devpinoyLogger OR file loaded
17/06/2024 02:26:08 devpinoyLogger Chrome instance created
17/06/2024 02:26:10 devpinoyLogger Navigated to URL
17/06/2024 02:26:10 devpinoyLogger Browser maximized
17/06/2024 02:26:10 devpinoyLogger Inside login test 
17/06/2024 02:26:11 devpinoyLogger clicked on element  
17/06/2024 02:26:11 devpinoyLogger element is presentLOGINBUTTON
17/06/2024 02:26:11 devpinoyLogger buyer name isnull
17/06/2024 02:26:11 devpinoyLogger Executing NavigateToBuyer
17/06/2024 02:26:13 devpinoyLogger Clicked on element using js[[ChromeDriver: chrome on windows (ce68cbc0921a9d20c73e69fd48158133)] -> xpath: //li[@id='buyer']/a//div/following-sibling::div]
17/06/2024 02:26:14 devpinoyLogger clicked on textfield
17/06/2024 02:26:14 devpinoyLogger buyer name isnull
17/06/2024 02:26:14 devpinoyLogger Executing NavigateToBuyer
17/06/2024 02:26:14 devpinoyLogger Clicked on element using js[[ChromeDriver: chrome on windows (ce68cbc0921a9d20c73e69fd48158133)] -> xpath: //li[@id='buyer']/a//div/following-sibling::div]
17/06/2024 02:26:16 devpinoyLogger Browser closed
17/06/2024 02:27:48 devpinoyLogger Config file loaded
17/06/2024 02:27:48 devpinoyLogger OR file loaded
17/06/2024 02:27:50 devpinoyLogger Chrome instance created
17/06/2024 02:27:53 devpinoyLogger Navigated to URL
17/06/2024 02:27:53 devpinoyLogger Browser maximized
17/06/2024 02:27:53 devpinoyLogger Inside login test 
17/06/2024 02:27:54 devpinoyLogger clicked on element  
17/06/2024 02:27:54 devpinoyLogger element is presentLOGINBUTTON
17/06/2024 02:27:54 devpinoyLogger buyer name isnull
17/06/2024 02:27:54 devpinoyLogger Executing NavigateToBuyer
17/06/2024 02:27:56 devpinoyLogger Clicked on element using js[[ChromeDriver: chrome on windows (7c4ad243a6a0d13780fb0c8b8449c174)] -> xpath: //li[@id='buyer']/a//div/following-sibling::div]
17/06/2024 02:27:58 devpinoyLogger clicked on textfield
17/06/2024 02:27:58 devpinoyLogger buyer name isnull
17/06/2024 02:27:58 devpinoyLogger Executing NavigateToBuyer
17/06/2024 02:27:58 devpinoyLogger Clicked on element using js[[ChromeDriver: chrome on windows (7c4ad243a6a0d13780fb0c8b8449c174)] -> xpath: //li[@id='buyer']/a//div/following-sibling::div]
17/06/2024 02:28:04 devpinoyLogger Browser closed
17/06/2024 02:29:43 devpinoyLogger Config file loaded
17/06/2024 02:29:43 devpinoyLogger OR file loaded
17/06/2024 02:29:46 devpinoyLogger Chrome instance created
17/06/2024 02:29:46 devpinoyLogger Navigated to URL
17/06/2024 02:29:50 devpinoyLogger Browser maximized
17/06/2024 02:29:50 devpinoyLogger buyer name isnull
17/06/2024 02:29:50 devpinoyLogger Executing NavigateToBuyer
17/06/2024 02:30:26 devpinoyLogger Inside login test 
17/06/2024 02:30:32 devpinoyLogger Config file loaded
17/06/2024 02:30:32 devpinoyLogger OR file loaded
17/06/2024 02:30:37 devpinoyLogger Chrome instance created
17/06/2024 02:30:43 devpinoyLogger Navigated to URL
17/06/2024 02:30:44 devpinoyLogger Browser maximized
17/06/2024 02:30:44 devpinoyLogger Inside login test 
17/06/2024 02:30:45 devpinoyLogger clicked on element  
17/06/2024 02:30:45 devpinoyLogger element is presentLOGINBUTTON
17/06/2024 02:30:45 devpinoyLogger buyer name isnull
17/06/2024 02:30:45 devpinoyLogger Executing NavigateToBuyer
17/06/2024 02:30:47 devpinoyLogger Clicked on element using js[[ChromeDriver: chrome on windows (6178fc5b8a17ad01f0c5d9f1f077f979)] -> xpath: //li[@id='buyer']/a//div/following-sibling::div]
17/06/2024 02:30:50 devpinoyLogger clicked on textfield
17/06/2024 02:30:50 devpinoyLogger Inside login test 
17/06/2024 02:31:12 devpinoyLogger Browser closed
17/06/2024 02:34:21 devpinoyLogger Browser closed
17/06/2024 02:35:16 devpinoyLogger Config file loaded
17/06/2024 02:35:16 devpinoyLogger OR file loaded
17/06/2024 02:35:19 devpinoyLogger Chrome instance created
17/06/2024 02:35:21 devpinoyLogger Navigated to URL
17/06/2024 02:35:21 devpinoyLogger Browser maximized
17/06/2024 02:35:21 devpinoyLogger Inside login test 
17/06/2024 02:35:22 devpinoyLogger clicked on element  
17/06/2024 02:35:22 devpinoyLogger element is presentLOGINBUTTON
17/06/2024 02:35:23 devpinoyLogger Browser closed
17/06/2024 02:37:20 devpinoyLogger Config file loaded
17/06/2024 02:37:20 devpinoyLogger OR file loaded
17/06/2024 02:37:23 devpinoyLogger Chrome instance created
17/06/2024 02:37:23 devpinoyLogger Navigated to URL
17/06/2024 02:37:26 devpinoyLogger Browser maximized
17/06/2024 02:37:26 devpinoyLogger Inside login test 
17/06/2024 02:37:26 devpinoyLogger clicked on element  
17/06/2024 02:37:26 devpinoyLogger element is presentLOGINBUTTON
17/06/2024 02:37:27 devpinoyLogger Browser closed
17/06/2024 02:41:23 devpinoyLogger Config file loaded
17/06/2024 02:41:23 devpinoyLogger OR file loaded
17/06/2024 02:41:25 devpinoyLogger Chrome instance created
17/06/2024 02:41:28 devpinoyLogger Navigated to URL
17/06/2024 02:41:28 devpinoyLogger Browser maximized
17/06/2024 02:41:28 devpinoyLogger Inside login test 
17/06/2024 02:41:28 devpinoyLogger clicked on element  
17/06/2024 02:41:28 devpinoyLogger element is presentLOGINBUTTON
17/06/2024 02:41:28 devpinoyLogger Cell [0][0] = 
17/06/2024 02:41:28 devpinoyLogger Inside login test 
17/06/2024 02:42:16 devpinoyLogger Browser closed
17/06/2024 02:42:17 devpinoyLogger Config file loaded
17/06/2024 02:42:17 devpinoyLogger OR file loaded
17/06/2024 02:42:20 devpinoyLogger Chrome instance created
17/06/2024 02:42:20 devpinoyLogger Navigated to URL
17/06/2024 02:42:23 devpinoyLogger Browser maximized
17/06/2024 02:42:23 devpinoyLogger Inside login test 
17/06/2024 02:42:23 devpinoyLogger clicked on element  
17/06/2024 02:42:23 devpinoyLogger element is presentLOGINBUTTON
17/06/2024 02:42:24 devpinoyLogger Cell [0][0] = 
17/06/2024 02:42:24 devpinoyLogger buyer name is 
17/06/2024 02:42:24 devpinoyLogger Executing NavigateToBuyer
17/06/2024 02:42:25 devpinoyLogger Clicked on element using js[[ChromeDriver: chrome on windows (c3ecffefbbe7bb5d14026a99f8b5a224)] -> xpath: //li[@id='buyer']/a//div/following-sibling::div]
17/06/2024 02:42:26 devpinoyLogger clicked on textfield
17/06/2024 02:42:26 devpinoyLogger entered the buyer name
17/06/2024 02:45:14 devpinoyLogger Config file loaded
17/06/2024 02:45:14 devpinoyLogger OR file loaded
17/06/2024 02:45:16 devpinoyLogger Chrome instance created
17/06/2024 02:45:18 devpinoyLogger Navigated to URL
17/06/2024 02:45:19 devpinoyLogger Browser maximized
17/06/2024 02:45:19 devpinoyLogger Inside login test 
17/06/2024 02:45:19 devpinoyLogger clicked on element  
17/06/2024 02:45:19 devpinoyLogger element is presentLOGINBUTTON
17/06/2024 02:45:19 devpinoyLogger entered data provider
17/06/2024 02:45:20 devpinoyLogger Browser closed
17/06/2024 02:45:29 devpinoyLogger Browser closed
17/06/2024 02:46:04 devpinoyLogger Config file loaded
17/06/2024 02:46:04 devpinoyLogger OR file loaded
17/06/2024 02:46:06 devpinoyLogger Chrome instance created
17/06/2024 02:46:07 devpinoyLogger Navigated to URL
17/06/2024 02:46:07 devpinoyLogger Browser maximized
17/06/2024 02:46:07 devpinoyLogger Inside login test 
17/06/2024 02:46:08 devpinoyLogger clicked on element  
17/06/2024 02:46:08 devpinoyLogger element is presentLOGINBUTTON
17/06/2024 02:46:08 devpinoyLogger entered data provider
17/06/2024 02:46:08 devpinoyLogger Browser closed
17/06/2024 02:47:36 devpinoyLogger Config file loaded
17/06/2024 02:47:36 devpinoyLogger OR file loaded
17/06/2024 02:47:39 devpinoyLogger Chrome instance created
17/06/2024 02:47:40 devpinoyLogger Navigated to URL
17/06/2024 02:47:40 devpinoyLogger Browser maximized
17/06/2024 02:47:40 devpinoyLogger entered data provider
17/06/2024 02:47:41 devpinoyLogger Browser closed
17/06/2024 02:48:20 devpinoyLogger Config file loaded
17/06/2024 02:48:20 devpinoyLogger OR file loaded
17/06/2024 02:48:23 devpinoyLogger Chrome instance created
17/06/2024 02:48:23 devpinoyLogger Navigated to URL
17/06/2024 02:48:26 devpinoyLogger Browser maximized
17/06/2024 02:48:26 devpinoyLogger entered data provider
17/06/2024 02:48:26 devpinoyLogger Browser closed
17/06/2024 02:50:46 devpinoyLogger Config file loaded
17/06/2024 02:50:46 devpinoyLogger OR file loaded
17/06/2024 02:50:48 devpinoyLogger Chrome instance created
17/06/2024 02:50:51 devpinoyLogger Navigated to URL
17/06/2024 02:50:51 devpinoyLogger Browser maximized
17/06/2024 02:50:51 devpinoyLogger entered data provider
17/06/2024 02:50:52 devpinoyLogger Browser closed
17/06/2024 02:51:50 devpinoyLogger Config file loaded
17/06/2024 02:51:50 devpinoyLogger OR file loaded
17/06/2024 02:51:52 devpinoyLogger Chrome instance created
17/06/2024 02:51:54 devpinoyLogger Navigated to URL
17/06/2024 02:51:54 devpinoyLogger Browser maximized
17/06/2024 02:51:54 devpinoyLogger Inside login test 
17/06/2024 02:51:55 devpinoyLogger clicked on element  
17/06/2024 02:51:55 devpinoyLogger element is presentLOGINBUTTON
17/06/2024 02:51:55 devpinoyLogger entered data provider
17/06/2024 02:51:55 devpinoyLogger Browser closed
17/06/2024 02:55:37 devpinoyLogger Config file loaded
17/06/2024 02:55:37 devpinoyLogger OR file loaded
17/06/2024 02:55:39 devpinoyLogger Chrome instance created
17/06/2024 02:55:40 devpinoyLogger Navigated to URL
17/06/2024 02:55:41 devpinoyLogger Browser maximized
17/06/2024 02:55:41 devpinoyLogger Inside login test 
17/06/2024 02:55:41 devpinoyLogger clicked on element  
17/06/2024 02:55:41 devpinoyLogger element is presentLOGINBUTTON
17/06/2024 02:55:41 devpinoyLogger entered data provider
17/06/2024 02:55:42 devpinoyLogger Browser closed
17/06/2024 02:59:42 devpinoyLogger Config file loaded
17/06/2024 02:59:42 devpinoyLogger OR file loaded
17/06/2024 02:59:44 devpinoyLogger Chrome instance created
17/06/2024 02:59:46 devpinoyLogger Navigated to URL
17/06/2024 02:59:46 devpinoyLogger Browser maximized
17/06/2024 02:59:46 devpinoyLogger Inside login test 
17/06/2024 02:59:47 devpinoyLogger clicked on element  
17/06/2024 02:59:47 devpinoyLogger element is presentLOGINBUTTON
17/06/2024 02:59:47 devpinoyLogger entered data provider
17/06/2024 02:59:47 devpinoyLogger Browser closed
17/06/2024 03:00:05 devpinoyLogger Config file loaded
17/06/2024 03:00:05 devpinoyLogger OR file loaded
17/06/2024 03:00:07 devpinoyLogger Chrome instance created
17/06/2024 03:00:09 devpinoyLogger Navigated to URL
17/06/2024 03:00:09 devpinoyLogger Browser maximized
17/06/2024 03:00:09 devpinoyLogger Inside login test 
17/06/2024 03:00:09 devpinoyLogger clicked on element  
17/06/2024 03:00:09 devpinoyLogger element is presentLOGINBUTTON
17/06/2024 03:00:09 devpinoyLogger entered data provider
17/06/2024 03:00:10 devpinoyLogger Browser closed
17/06/2024 13:27:51 devpinoyLogger Config file loaded
17/06/2024 13:27:51 devpinoyLogger OR file loaded
17/06/2024 13:27:53 devpinoyLogger Chrome instance created
17/06/2024 13:27:55 devpinoyLogger Navigated to URL
17/06/2024 13:27:55 devpinoyLogger Browser maximized
17/06/2024 13:27:55 devpinoyLogger Inside login test 
17/06/2024 13:27:56 devpinoyLogger clicked on element  
17/06/2024 13:27:56 devpinoyLogger element is presentLOGINBUTTON
17/06/2024 13:27:56 devpinoyLogger entered data provider
17/06/2024 13:27:57 devpinoyLogger Browser closed
17/06/2024 13:28:34 devpinoyLogger Config file loaded
17/06/2024 13:28:34 devpinoyLogger OR file loaded
17/06/2024 13:28:37 devpinoyLogger Chrome instance created
17/06/2024 13:28:38 devpinoyLogger Navigated to URL
17/06/2024 13:28:38 devpinoyLogger Browser maximized
17/06/2024 13:28:39 devpinoyLogger Inside login test 
17/06/2024 13:28:39 devpinoyLogger clicked on element  
17/06/2024 13:28:39 devpinoyLogger element is presentLOGINBUTTON
17/06/2024 13:28:39 devpinoyLogger entered data provider
17/06/2024 13:28:40 devpinoyLogger Browser closed
17/06/2024 13:29:30 devpinoyLogger Config file loaded
17/06/2024 13:29:30 devpinoyLogger OR file loaded
17/06/2024 13:29:33 devpinoyLogger Chrome instance created
17/06/2024 13:29:35 devpinoyLogger Navigated to URL
17/06/2024 13:29:35 devpinoyLogger Browser maximized
17/06/2024 13:29:36 devpinoyLogger Inside login test 
17/06/2024 13:29:36 devpinoyLogger clicked on element  
17/06/2024 13:29:36 devpinoyLogger element is presentLOGINBUTTON
17/06/2024 13:29:36 devpinoyLogger entered data provider
17/06/2024 13:29:37 devpinoyLogger Browser closed
17/06/2024 13:30:55 devpinoyLogger Config file loaded
17/06/2024 13:30:55 devpinoyLogger OR file loaded
17/06/2024 13:30:57 devpinoyLogger Chrome instance created
17/06/2024 13:30:59 devpinoyLogger Navigated to URL
17/06/2024 13:30:59 devpinoyLogger Browser maximized
17/06/2024 13:30:59 devpinoyLogger Inside login test 
17/06/2024 13:31:00 devpinoyLogger clicked on element  
17/06/2024 13:31:00 devpinoyLogger element is presentLOGINBUTTON
17/06/2024 13:31:00 devpinoyLogger entered data provider
17/06/2024 13:31:00 devpinoyLogger 2
17/06/2024 13:31:00 devpinoyLogger 1
17/06/2024 13:31:03 devpinoyLogger Executing NavigateToBuyer
17/06/2024 13:31:03 devpinoyLogger buyer name is null
17/06/2024 13:31:03 devpinoyLogger Clicked on element using js[[ChromeDriver: chrome on windows (a205698e2b54328a3646a10d5f2d28ad)] -> xpath: //li[@id='buyer']/a//div/following-sibling::div]
17/06/2024 13:31:07 devpinoyLogger clicked on textfield
17/06/2024 13:31:08 devpinoyLogger Browser closed
17/06/2024 13:34:17 devpinoyLogger Config file loaded
17/06/2024 13:34:17 devpinoyLogger OR file loaded
17/06/2024 13:34:19 devpinoyLogger Chrome instance created
17/06/2024 13:34:21 devpinoyLogger Navigated to URL
17/06/2024 13:34:21 devpinoyLogger Browser maximized
17/06/2024 13:34:21 devpinoyLogger Inside login test 
17/06/2024 13:34:22 devpinoyLogger clicked on element  
17/06/2024 13:34:22 devpinoyLogger element is presentLOGINBUTTON
17/06/2024 13:34:22 devpinoyLogger entered data provider
17/06/2024 13:34:22 devpinoyLogger rorws2
17/06/2024 13:34:22 devpinoyLogger cols1
17/06/2024 13:34:23 devpinoyLogger Browser closed
17/06/2024 13:37:04 devpinoyLogger Config file loaded
17/06/2024 13:37:04 devpinoyLogger OR file loaded
17/06/2024 13:37:06 devpinoyLogger Chrome instance created
17/06/2024 13:37:08 devpinoyLogger Navigated to URL
17/06/2024 13:37:08 devpinoyLogger Browser maximized
17/06/2024 13:37:08 devpinoyLogger Inside login test 
17/06/2024 13:37:09 devpinoyLogger clicked on element  
17/06/2024 13:37:09 devpinoyLogger element is presentLOGINBUTTON
17/06/2024 13:37:09 devpinoyLogger entered data provider
17/06/2024 13:37:09 devpinoyLogger rorws2
17/06/2024 13:37:09 devpinoyLogger cols1
17/06/2024 13:37:09 devpinoyLogger Browser closed
17/06/2024 17:42:42 devpinoyLogger Config file loaded
17/06/2024 17:42:42 devpinoyLogger OR file loaded
17/06/2024 17:42:44 devpinoyLogger Chrome instance created
17/06/2024 17:42:47 devpinoyLogger Navigated to URL
17/06/2024 17:42:47 devpinoyLogger Browser maximized
17/06/2024 17:42:47 devpinoyLogger Inside login test 
17/06/2024 17:42:47 devpinoyLogger clicked on element  
17/06/2024 17:42:47 devpinoyLogger element is presentLOGINBUTTON
17/06/2024 17:42:47 devpinoyLogger entered data provider
17/06/2024 17:42:47 devpinoyLogger rorws2
17/06/2024 17:42:47 devpinoyLogger cols1
17/06/2024 17:42:47 devpinoyLogger rorws2
17/06/2024 17:42:47 devpinoyLogger cols1
17/06/2024 17:42:48 devpinoyLogger Browser closed
17/06/2024 17:47:32 devpinoyLogger Config file loaded
17/06/2024 17:47:32 devpinoyLogger OR file loaded
17/06/2024 17:47:35 devpinoyLogger Chrome instance created
17/06/2024 17:47:39 devpinoyLogger Navigated to URL
17/06/2024 17:47:39 devpinoyLogger Browser maximized
17/06/2024 17:47:39 devpinoyLogger Inside login test 
17/06/2024 17:47:41 devpinoyLogger clicked on element  
17/06/2024 17:47:41 devpinoyLogger element is presentLOGINBUTTON
17/06/2024 17:47:42 devpinoyLogger Browser closed
17/06/2024 18:03:56 devpinoyLogger Config file loaded
17/06/2024 18:03:56 devpinoyLogger OR file loaded
17/06/2024 18:03:59 devpinoyLogger Chrome instance created
17/06/2024 18:04:00 devpinoyLogger Navigated to URL
17/06/2024 18:04:04 devpinoyLogger Browser maximized
17/06/2024 18:04:04 devpinoyLogger Inside login test 
17/06/2024 18:04:06 devpinoyLogger clicked on element  
17/06/2024 18:04:06 devpinoyLogger element is presentLOGINBUTTON
17/06/2024 18:04:07 devpinoyLogger entered data provider
17/06/2024 18:04:07 devpinoyLogger rorws2
17/06/2024 18:04:07 devpinoyLogger cols1
17/06/2024 18:04:07 devpinoyLogger rorws2
17/06/2024 18:04:07 devpinoyLogger cols1
17/06/2024 18:04:08 devpinoyLogger Browser closed
17/06/2024 18:11:15 devpinoyLogger Config file loaded
17/06/2024 18:11:15 devpinoyLogger OR file loaded
17/06/2024 18:11:17 devpinoyLogger Chrome instance created
17/06/2024 18:11:18 devpinoyLogger Navigated to URL
17/06/2024 18:11:19 devpinoyLogger Browser maximized
17/06/2024 18:11:19 devpinoyLogger Inside login test 
17/06/2024 18:11:20 devpinoyLogger clicked on element  
17/06/2024 18:11:20 devpinoyLogger element is presentLOGINBUTTON
17/06/2024 18:11:20 devpinoyLogger entered data provider
17/06/2024 18:11:20 devpinoyLogger rorws2
17/06/2024 18:11:20 devpinoyLogger cols1
17/06/2024 18:11:23 devpinoyLogger Executing NavigateToBuyer
17/06/2024 18:11:23 devpinoyLogger buyer name is Buyername
17/06/2024 18:11:26 devpinoyLogger Browser closed
17/06/2024 18:11:53 devpinoyLogger Config file loaded
17/06/2024 18:11:53 devpinoyLogger OR file loaded
17/06/2024 18:11:55 devpinoyLogger Chrome instance created
17/06/2024 18:11:58 devpinoyLogger Navigated to URL
17/06/2024 18:11:58 devpinoyLogger Browser maximized
17/06/2024 18:11:58 devpinoyLogger Inside login test 
17/06/2024 18:11:59 devpinoyLogger clicked on element  
17/06/2024 18:11:59 devpinoyLogger element is presentLOGINBUTTON
17/06/2024 18:11:59 devpinoyLogger entered data provider
17/06/2024 18:11:59 devpinoyLogger rorws2
17/06/2024 18:11:59 devpinoyLogger cols1
17/06/2024 18:12:02 devpinoyLogger Executing NavigateToBuyer
17/06/2024 18:12:02 devpinoyLogger buyer name is Buyername
17/06/2024 18:12:02 devpinoyLogger Clicked on element using js[[ChromeDriver: chrome on windows (ba7dc8eb49d6d8348a23bf653a6ec75c)] -> xpath: //li[@id='buyer']/a//div/following-sibling::div]
17/06/2024 18:12:04 devpinoyLogger clicked on textfield
17/06/2024 18:12:04 devpinoyLogger entered the buyer name
17/06/2024 18:12:14 devpinoyLogger Browser closed
17/06/2024 18:13:39 devpinoyLogger Config file loaded
17/06/2024 18:13:39 devpinoyLogger OR file loaded
17/06/2024 18:13:41 devpinoyLogger Chrome instance created
17/06/2024 18:13:44 devpinoyLogger Navigated to URL
17/06/2024 18:13:44 devpinoyLogger Browser maximized
17/06/2024 18:13:44 devpinoyLogger Inside login test 
17/06/2024 18:13:45 devpinoyLogger clicked on element  
17/06/2024 18:13:45 devpinoyLogger element is presentLOGINBUTTON
17/06/2024 18:13:45 devpinoyLogger entered data provider
17/06/2024 18:13:45 devpinoyLogger rorws2
17/06/2024 18:13:45 devpinoyLogger cols1
17/06/2024 18:13:48 devpinoyLogger Executing NavigateToBuyer
17/06/2024 18:13:48 devpinoyLogger buyer name is null
17/06/2024 18:13:48 devpinoyLogger Clicked on element using js[[ChromeDriver: chrome on windows (40a6130f4d79d973229bdde5bf5bd62d)] -> xpath: //li[@id='buyer']/a//div/following-sibling::div]
17/06/2024 18:13:50 devpinoyLogger clicked on textfield
17/06/2024 18:13:51 devpinoyLogger Browser closed
17/06/2024 18:15:00 devpinoyLogger Config file loaded
17/06/2024 18:15:00 devpinoyLogger OR file loaded
17/06/2024 18:15:02 devpinoyLogger Chrome instance created
17/06/2024 18:15:05 devpinoyLogger Navigated to URL
17/06/2024 18:15:05 devpinoyLogger Browser maximized
17/06/2024 18:15:06 devpinoyLogger Inside login test 
17/06/2024 18:15:06 devpinoyLogger clicked on element  
17/06/2024 18:15:06 devpinoyLogger element is presentLOGINBUTTON
17/06/2024 18:15:06 devpinoyLogger entered data provider
17/06/2024 18:15:06 devpinoyLogger rorws2
17/06/2024 18:15:06 devpinoyLogger cols1
17/06/2024 18:15:09 devpinoyLogger Executing NavigateToBuyer
17/06/2024 18:15:09 devpinoyLogger buyer name is null
17/06/2024 18:15:09 devpinoyLogger Clicked on element using js[[ChromeDriver: chrome on windows (76cf4f23343f0e555ae4881219cf3d8c)] -> xpath: //li[@id='buyer']/a//div/following-sibling::div]
17/06/2024 18:15:11 devpinoyLogger clicked on textfield
17/06/2024 18:15:11 devpinoyLogger Browser closed
17/06/2024 19:41:11 devpinoyLogger Config file loaded
17/06/2024 19:41:11 devpinoyLogger OR file loaded
17/06/2024 19:41:13 devpinoyLogger Chrome instance created
17/06/2024 19:41:16 devpinoyLogger Navigated to URL
17/06/2024 19:41:16 devpinoyLogger Browser maximized
17/06/2024 19:41:17 devpinoyLogger Inside login test 
17/06/2024 19:41:18 devpinoyLogger clicked on element  
17/06/2024 19:41:18 devpinoyLogger element is presentLOGINBUTTON
17/06/2024 19:41:19 devpinoyLogger Browser closed
17/06/2024 19:42:22 devpinoyLogger Config file loaded
17/06/2024 19:42:22 devpinoyLogger OR file loaded
17/06/2024 19:42:24 devpinoyLogger Chrome instance created
17/06/2024 19:42:26 devpinoyLogger Navigated to URL
17/06/2024 19:42:26 devpinoyLogger Browser maximized
17/06/2024 19:42:26 devpinoyLogger Inside login test 
17/06/2024 19:42:27 devpinoyLogger clicked on element  
17/06/2024 19:42:27 devpinoyLogger element is presentLOGINBUTTON
17/06/2024 19:42:27 devpinoyLogger Browser closed
17/06/2024 19:43:14 devpinoyLogger Config file loaded
17/06/2024 19:43:14 devpinoyLogger OR file loaded
17/06/2024 19:43:16 devpinoyLogger Chrome instance created
17/06/2024 19:43:18 devpinoyLogger Navigated to URL
17/06/2024 19:43:18 devpinoyLogger Browser maximized
17/06/2024 19:43:18 devpinoyLogger Inside login test 
17/06/2024 19:43:19 devpinoyLogger clicked on element  
17/06/2024 19:43:19 devpinoyLogger element is presentLOGINBUTTON
17/06/2024 19:43:19 devpinoyLogger Browser closed
17/06/2024 19:45:09 devpinoyLogger Config file loaded
17/06/2024 19:45:09 devpinoyLogger OR file loaded
17/06/2024 19:45:11 devpinoyLogger Chrome instance created
17/06/2024 19:45:14 devpinoyLogger Navigated to URL
17/06/2024 19:45:14 devpinoyLogger Browser maximized
17/06/2024 19:45:14 devpinoyLogger Inside login test 
17/06/2024 19:45:15 devpinoyLogger clicked on element  
17/06/2024 19:45:15 devpinoyLogger element is presentLOGINBUTTON
17/06/2024 19:45:16 devpinoyLogger Browser closed
17/06/2024 19:48:20 devpinoyLogger Config file loaded
17/06/2024 19:48:20 devpinoyLogger OR file loaded
17/06/2024 19:48:22 devpinoyLogger Chrome instance created
17/06/2024 19:48:25 devpinoyLogger Navigated to URL
17/06/2024 19:48:25 devpinoyLogger Browser maximized
17/06/2024 19:48:25 devpinoyLogger Inside login test 
17/06/2024 19:48:26 devpinoyLogger clicked on element  
17/06/2024 19:48:26 devpinoyLogger element is presentLOGINBUTTON
17/06/2024 19:48:29 devpinoyLogger Executing NavigateToBuyer
17/06/2024 19:48:29 devpinoyLogger buyer name is Visions
17/06/2024 19:48:29 devpinoyLogger Clicked on element using js[[ChromeDriver: chrome on windows (34d95b8e71246e5186974f29d849c69d)] -> xpath: //li[@id='buyer']/a//div/following-sibling::div]
17/06/2024 19:48:31 devpinoyLogger clicked on textfield
17/06/2024 19:48:31 devpinoyLogger entered the buyer name
17/06/2024 19:49:44 devpinoyLogger Config file loaded
17/06/2024 19:49:44 devpinoyLogger OR file loaded
17/06/2024 19:49:47 devpinoyLogger Chrome instance created
17/06/2024 19:49:48 devpinoyLogger Navigated to URL
17/06/2024 19:49:51 devpinoyLogger Browser maximized
17/06/2024 19:49:51 devpinoyLogger Inside login test 
17/06/2024 19:49:52 devpinoyLogger clicked on element  
17/06/2024 19:49:52 devpinoyLogger element is presentLOGINBUTTON
17/06/2024 19:49:55 devpinoyLogger Executing NavigateToBuyer
17/06/2024 19:49:55 devpinoyLogger buyer name is MAYTOU
17/06/2024 19:49:55 devpinoyLogger Clicked on element using js[[ChromeDriver: chrome on windows (625e2aa6ad57a3eb8d90efc526ff7d61)] -> xpath: //li[@id='buyer']/a//div/following-sibling::div]
17/06/2024 19:49:57 devpinoyLogger clicked on textfield
17/06/2024 19:49:57 devpinoyLogger entered the buyer name
17/06/2024 19:51:57 devpinoyLogger Browser closed
17/06/2024 19:52:05 devpinoyLogger Browser closed
17/06/2024 23:24:22 devpinoyLogger Config file loaded
17/06/2024 23:24:22 devpinoyLogger OR file loaded
17/06/2024 23:24:24 devpinoyLogger Chrome instance created
17/06/2024 23:24:26 devpinoyLogger Navigated to URL
17/06/2024 23:24:26 devpinoyLogger Browser maximized
17/06/2024 23:24:26 devpinoyLogger Inside login test 
17/06/2024 23:24:27 devpinoyLogger clicked on element  
17/06/2024 23:24:27 devpinoyLogger element is presentLOGINBUTTON
17/06/2024 23:24:30 devpinoyLogger Executing NavigateToBuyer
17/06/2024 23:24:30 devpinoyLogger buyer name is MAYTOU
17/06/2024 23:24:30 devpinoyLogger Clicked on element using js[[ChromeDriver: chrome on windows (ded2ca18f3245c860638809cd24eaeed)] -> xpath: //li[@id='buyer']/a//div/following-sibling::div]
17/06/2024 23:24:31 devpinoyLogger clicked on textfield
17/06/2024 23:24:31 devpinoyLogger entered the buyer name
17/06/2024 23:24:40 devpinoyLogger Browser closed
17/06/2024 23:27:37 devpinoyLogger Config file loaded
17/06/2024 23:27:37 devpinoyLogger OR file loaded
17/06/2024 23:27:39 devpinoyLogger Chrome instance created
17/06/2024 23:27:41 devpinoyLogger Navigated to URL
17/06/2024 23:27:41 devpinoyLogger Browser maximized
17/06/2024 23:27:41 devpinoyLogger Inside login test 
17/06/2024 23:27:41 devpinoyLogger clicked on element  
17/06/2024 23:27:41 devpinoyLogger element is presentLOGINBUTTON
17/06/2024 23:27:44 devpinoyLogger Executing NavigateToBuyer
17/06/2024 23:27:44 devpinoyLogger buyer name is MAYTOU
17/06/2024 23:27:45 devpinoyLogger Clicked on element using js[[ChromeDriver: chrome on windows (bad3d3039a3bacac0d342db0a0c3d82d)] -> xpath: //li[@id='buyer']/a//div/following-sibling::div]
17/06/2024 23:27:46 devpinoyLogger clicked on textfield
17/06/2024 23:27:46 devpinoyLogger entered the buyer name
17/06/2024 23:27:55 devpinoyLogger Browser closed
17/06/2024 23:33:53 devpinoyLogger Config file loaded
17/06/2024 23:33:53 devpinoyLogger OR file loaded
17/06/2024 23:33:54 devpinoyLogger Chrome instance created
17/06/2024 23:33:57 devpinoyLogger Navigated to URL
17/06/2024 23:33:57 devpinoyLogger Browser maximized
17/06/2024 23:33:57 devpinoyLogger Inside login test 
17/06/2024 23:33:57 devpinoyLogger clicked on element  
17/06/2024 23:33:58 devpinoyLogger element is presentLOGINBUTTON
17/06/2024 23:34:01 devpinoyLogger Executing NavigateToBuyer
17/06/2024 23:34:01 devpinoyLogger buyer name is MAYTOU
17/06/2024 23:34:01 devpinoyLogger Clicked on element using js[[ChromeDriver: chrome on windows (39b6a4aa95e1f1dc4e62afa895560189)] -> xpath: //li[@id='buyer']/a//div/following-sibling::div]
17/06/2024 23:34:03 devpinoyLogger clicked on textfield
17/06/2024 23:34:03 devpinoyLogger entered the buyer name
17/06/2024 23:34:13 devpinoyLogger Browser closed
17/06/2024 23:35:28 devpinoyLogger Config file loaded
17/06/2024 23:35:28 devpinoyLogger OR file loaded
17/06/2024 23:35:30 devpinoyLogger Chrome instance created
17/06/2024 23:35:33 devpinoyLogger Navigated to URL
17/06/2024 23:35:33 devpinoyLogger Browser maximized
17/06/2024 23:35:33 devpinoyLogger Inside login test 
17/06/2024 23:35:34 devpinoyLogger clicked on element  
17/06/2024 23:35:34 devpinoyLogger element is presentLOGINBUTTON
17/06/2024 23:35:37 devpinoyLogger Executing NavigateToBuyer
17/06/2024 23:35:37 devpinoyLogger buyer name is MAYTOU
17/06/2024 23:35:37 devpinoyLogger Clicked on element using js[[ChromeDriver: chrome on windows (71a464a4edf944e86e23da74a1fc267d)] -> xpath: //li[@id='buyer']/a//div/following-sibling::div]
17/06/2024 23:35:39 devpinoyLogger clicked on textfield
17/06/2024 23:35:39 devpinoyLogger entered the buyer name
17/06/2024 23:35:49 devpinoyLogger Browser closed
17/06/2024 23:38:02 devpinoyLogger Config file loaded
17/06/2024 23:38:02 devpinoyLogger OR file loaded
17/06/2024 23:38:04 devpinoyLogger Chrome instance created
17/06/2024 23:38:07 devpinoyLogger Navigated to URL
17/06/2024 23:38:07 devpinoyLogger Browser maximized
17/06/2024 23:38:08 devpinoyLogger Inside login test 
17/06/2024 23:38:08 devpinoyLogger clicked on element  
17/06/2024 23:38:08 devpinoyLogger element is presentLOGINBUTTON
17/06/2024 23:38:12 devpinoyLogger Executing NavigateToBuyer
17/06/2024 23:38:12 devpinoyLogger buyer name is MAYTOU
17/06/2024 23:38:12 devpinoyLogger Clicked on element using js[[ChromeDriver: chrome on windows (6f2363979410f65db63e52966f39c34d)] -> xpath: //li[@id='buyer']/a//div/following-sibling::div]
17/06/2024 23:38:14 devpinoyLogger clicked on textfield
17/06/2024 23:38:14 devpinoyLogger entered the buyer name
17/06/2024 23:38:24 devpinoyLogger Browser closed
17/06/2024 23:39:53 devpinoyLogger Config file loaded
17/06/2024 23:39:53 devpinoyLogger OR file loaded
17/06/2024 23:39:54 devpinoyLogger Chrome instance created
17/06/2024 23:39:56 devpinoyLogger Navigated to URL
17/06/2024 23:39:56 devpinoyLogger Browser maximized
17/06/2024 23:39:56 devpinoyLogger Inside login test 
17/06/2024 23:39:57 devpinoyLogger clicked on element  
17/06/2024 23:39:57 devpinoyLogger element is presentLOGINBUTTON
17/06/2024 23:40:00 devpinoyLogger Executing NavigateToBuyer
17/06/2024 23:40:00 devpinoyLogger buyer name is MAYTOU
17/06/2024 23:40:00 devpinoyLogger Clicked on element using js[[ChromeDriver: chrome on windows (fcba7c5425deec95ce936cf806fb45b9)] -> xpath: //li[@id='buyer']/a//div/following-sibling::div]
17/06/2024 23:40:02 devpinoyLogger clicked on textfield
17/06/2024 23:40:02 devpinoyLogger entered the buyer name
17/06/2024 23:40:14 devpinoyLogger Browser closed
17/06/2024 23:52:08 devpinoyLogger Config file loaded
17/06/2024 23:52:08 devpinoyLogger OR file loaded
17/06/2024 23:52:10 devpinoyLogger Chrome instance created
17/06/2024 23:52:13 devpinoyLogger Navigated to URL
17/06/2024 23:52:13 devpinoyLogger Browser maximized
17/06/2024 23:52:13 devpinoyLogger Inside login test 
17/06/2024 23:52:13 devpinoyLogger clicked on element  
17/06/2024 23:52:13 devpinoyLogger element is presentLOGINBUTTON
17/06/2024 23:52:16 devpinoyLogger Executing NavigateToBuyer
17/06/2024 23:52:16 devpinoyLogger buyer name is MAYTOU
17/06/2024 23:52:16 devpinoyLogger Clicked on element using js[[ChromeDriver: chrome on windows (b07e6810f96271353fd95dbbac65f790)] -> xpath: //li[@id='buyer']/a//div/following-sibling::div]
17/06/2024 23:52:18 devpinoyLogger clicked on textfield
17/06/2024 23:52:18 devpinoyLogger entered the buyer name
17/06/2024 23:52:28 devpinoyLogger Browser closed
17/06/2024 23:53:32 devpinoyLogger Config file loaded
17/06/2024 23:53:32 devpinoyLogger OR file loaded
17/06/2024 23:53:34 devpinoyLogger Chrome instance created
17/06/2024 23:53:36 devpinoyLogger Navigated to URL
17/06/2024 23:53:36 devpinoyLogger Browser maximized
17/06/2024 23:53:36 devpinoyLogger Inside login test 
17/06/2024 23:53:37 devpinoyLogger clicked on element  
17/06/2024 23:53:37 devpinoyLogger element is presentLOGINBUTTON
17/06/2024 23:53:40 devpinoyLogger Executing NavigateToBuyer
17/06/2024 23:53:40 devpinoyLogger buyer name is MAYTOU
17/06/2024 23:53:40 devpinoyLogger Clicked on element using js[[ChromeDriver: chrome on windows (3602208e98f6fb9c098119ff829eb50e)] -> xpath: //li[@id='buyer']/a//div/following-sibling::div]
17/06/2024 23:53:41 devpinoyLogger clicked on textfield
17/06/2024 23:53:41 devpinoyLogger entered the buyer name
17/06/2024 23:53:55 devpinoyLogger Browser closed
