16/06/2024 01:51:48 devpinoyLogger Config file loaded
16/06/2024 01:51:48 devpinoyLogger OR file loaded
16/06/2024 01:51:52 devpinoyLogger Chrome instance created
16/06/2024 01:51:52 devpinoyLogger Navigated to URL
16/06/2024 01:51:53 devpinoyLogger Browser maximized
16/06/2024 01:51:53 devpinoyLogger Executing NavigateToBuyer
16/06/2024 01:52:02 devpinoyLogger Browser closed
16/06/2024 01:52:16 devpinoyLogger Config file loaded
16/06/2024 01:52:16 devpinoyLogger OR file loaded
16/06/2024 01:52:19 devpinoyLogger Chrome instance created
16/06/2024 01:52:20 devpinoyLogger Navigated to URL
16/06/2024 01:52:20 devpinoyLogger Browser maximized
16/06/2024 01:52:21 devpinoyLogger Inside login test 
16/06/2024 01:52:23 devpinoyLogger Browser closed
16/06/2024 01:55:23 devpinoyLogger Config file loaded
16/06/2024 01:55:23 devpinoyLogger OR file loaded
16/06/2024 01:55:26 devpinoyLogger Chrome instance created
16/06/2024 01:55:27 devpinoyLogger Navigated to URL
16/06/2024 01:55:27 devpinoyLogger Browser maximized
16/06/2024 01:55:27 devpinoyLogger Inside login test 
16/06/2024 01:55:28 devpinoyLogger Browser closed
16/06/2024 01:56:15 devpinoyLogger Config file loaded
16/06/2024 01:56:15 devpinoyLogger OR file loaded
16/06/2024 01:56:18 devpinoyLogger Chrome instance created
16/06/2024 01:56:19 devpinoyLogger Navigated to URL
16/06/2024 01:56:19 devpinoyLogger Browser maximized
16/06/2024 01:56:19 devpinoyLogger Inside login test 
16/06/2024 01:56:20 devpinoyLogger Browser closed
16/06/2024 01:57:59 devpinoyLogger Config file loaded
16/06/2024 01:57:59 devpinoyLogger OR file loaded
16/06/2024 01:58:01 devpinoyLogger Chrome instance created
16/06/2024 01:58:03 devpinoyLogger Navigated to URL
16/06/2024 01:58:03 devpinoyLogger Browser maximized
16/06/2024 01:58:03 devpinoyLogger Inside login test 
16/06/2024 01:58:03 devpinoyLogger Inside login test 
16/06/2024 01:58:04 devpinoyLogger Browser closed
16/06/2024 01:59:18 devpinoyLogger Config file loaded
16/06/2024 01:59:18 devpinoyLogger OR file loaded
16/06/2024 01:59:21 devpinoyLogger Chrome instance created
16/06/2024 01:59:22 devpinoyLogger Navigated to URL
16/06/2024 01:59:22 devpinoyLogger Browser maximized
16/06/2024 01:59:22 devpinoyLogger Inside login test 
16/06/2024 01:59:23 devpinoyLogger Inside login test 
16/06/2024 01:59:23 devpinoyLogger Browser closed
16/06/2024 02:00:26 devpinoyLogger Config file loaded
16/06/2024 02:00:26 devpinoyLogger OR file loaded
16/06/2024 02:00:27 devpinoyLogger Chrome instance created
16/06/2024 02:00:29 devpinoyLogger Navigated to URL
16/06/2024 02:00:29 devpinoyLogger Browser maximized
16/06/2024 02:00:29 devpinoyLogger Inside login test 
16/06/2024 02:00:30 devpinoyLogger Browser closed
16/06/2024 02:00:56 devpinoyLogger Config file loaded
16/06/2024 02:00:56 devpinoyLogger OR file loaded
16/06/2024 02:00:58 devpinoyLogger Chrome instance created
16/06/2024 02:00:58 devpinoyLogger Navigated to URL
16/06/2024 02:00:59 devpinoyLogger Browser maximized
16/06/2024 02:01:00 devpinoyLogger Inside login test 
16/06/2024 02:01:00 devpinoyLogger Inside login test 
16/06/2024 02:01:01 devpinoyLogger Browser closed
16/06/2024 02:01:40 devpinoyLogger Config file loaded
16/06/2024 02:01:40 devpinoyLogger OR file loaded
16/06/2024 02:01:42 devpinoyLogger Chrome instance created
16/06/2024 02:01:43 devpinoyLogger Navigated to URL
16/06/2024 02:01:43 devpinoyLogger Browser maximized
16/06/2024 02:01:44 devpinoyLogger Inside login test 
16/06/2024 02:02:09 devpinoyLogger Config file loaded
16/06/2024 02:02:09 devpinoyLogger OR file loaded
16/06/2024 02:02:12 devpinoyLogger Chrome instance created
16/06/2024 02:02:14 devpinoyLogger Navigated to URL
16/06/2024 02:02:14 devpinoyLogger Browser maximized
16/06/2024 02:02:14 devpinoyLogger Inside login test 
16/06/2024 02:03:20 devpinoyLogger Config file loaded
16/06/2024 02:03:20 devpinoyLogger OR file loaded
16/06/2024 02:03:22 devpinoyLogger Chrome instance created
16/06/2024 02:03:23 devpinoyLogger Navigated to URL
16/06/2024 02:03:24 devpinoyLogger Browser maximized
16/06/2024 02:03:24 devpinoyLogger Inside login test 
16/06/2024 02:03:25 devpinoyLogger clicked on element  
16/06/2024 02:03:25 devpinoyLogger element is presentLOGINBUTTON
16/06/2024 02:03:25 devpinoyLogger Inside login test 
16/06/2024 02:06:03 devpinoyLogger Browser closed
16/06/2024 02:19:31 devpinoyLogger Config file loaded
16/06/2024 02:19:31 devpinoyLogger OR file loaded
16/06/2024 02:19:33 devpinoyLogger Chrome instance created
16/06/2024 02:19:34 devpinoyLogger Navigated to URL
16/06/2024 02:19:34 devpinoyLogger Browser maximized
16/06/2024 02:19:34 devpinoyLogger Inside login test 
16/06/2024 02:19:35 devpinoyLogger clicked on element  
16/06/2024 02:19:35 devpinoyLogger element is presentLOGINBUTTON
16/06/2024 02:19:35 devpinoyLogger Executing NavigateToBuyer
16/06/2024 02:23:07 devpinoyLogger Browser closed
16/06/2024 02:32:47 devpinoyLogger Config file loaded
16/06/2024 02:32:47 devpinoyLogger OR file loaded
16/06/2024 02:32:49 devpinoyLogger Chrome instance created
16/06/2024 02:32:50 devpinoyLogger Navigated to URL
16/06/2024 02:32:50 devpinoyLogger Browser maximized
16/06/2024 02:32:50 devpinoyLogger Inside login test 
16/06/2024 02:32:51 devpinoyLogger clicked on element  
16/06/2024 02:32:51 devpinoyLogger element is presentLOGINBUTTON
16/06/2024 02:32:51 devpinoyLogger Executing NavigateToBuyer
16/06/2024 02:36:23 devpinoyLogger Browser closed
16/06/2024 02:44:45 devpinoyLogger Config file loaded
16/06/2024 02:44:45 devpinoyLogger OR file loaded
16/06/2024 02:44:48 devpinoyLogger Chrome instance created
16/06/2024 02:44:49 devpinoyLogger Navigated to URL
16/06/2024 02:44:49 devpinoyLogger Browser maximized
16/06/2024 02:44:49 devpinoyLogger Inside login test 
16/06/2024 02:47:50 devpinoyLogger Executing NavigateToBuyer
16/06/2024 02:51:21 devpinoyLogger Browser closed
16/06/2024 02:54:06 devpinoyLogger Config file loaded
16/06/2024 02:54:06 devpinoyLogger OR file loaded
16/06/2024 02:54:08 devpinoyLogger Chrome instance created
16/06/2024 02:54:09 devpinoyLogger Navigated to URL
16/06/2024 02:54:09 devpinoyLogger Browser maximized
16/06/2024 02:54:09 devpinoyLogger Inside login test 
16/06/2024 02:57:10 devpinoyLogger Executing NavigateToBuyer
16/06/2024 03:00:41 devpinoyLogger Browser closed
16/06/2024 19:48:49 devpinoyLogger Config file loaded
16/06/2024 19:48:49 devpinoyLogger OR file loaded
16/06/2024 19:48:51 devpinoyLogger Chrome instance created
16/06/2024 19:48:54 devpinoyLogger Navigated to URL
16/06/2024 19:48:54 devpinoyLogger Browser maximized
16/06/2024 19:48:54 devpinoyLogger Executing NavigateToBuyer
16/06/2024 19:49:18 devpinoyLogger Browser closed
16/06/2024 19:49:33 devpinoyLogger Config file loaded
16/06/2024 19:49:33 devpinoyLogger OR file loaded
16/06/2024 19:49:35 devpinoyLogger Chrome instance created
16/06/2024 19:49:37 devpinoyLogger Navigated to URL
16/06/2024 19:49:37 devpinoyLogger Browser maximized
16/06/2024 19:49:37 devpinoyLogger Inside login test 
16/06/2024 19:49:38 devpinoyLogger clicked on element  
16/06/2024 19:49:38 devpinoyLogger element is presentLOGINBUTTON
16/06/2024 19:49:38 devpinoyLogger Executing NavigateToBuyer
16/06/2024 19:49:39 devpinoyLogger Clicked on element using js[[ChromeDriver: chrome on windows (9dec52868f897ee3f6509fc8d72fd089)] -> xpath: //li[@id='buyer']/a//div/following-sibling::div]
16/06/2024 19:49:40 devpinoyLogger Browser closed
16/06/2024 20:11:05 devpinoyLogger Config file loaded
16/06/2024 20:11:05 devpinoyLogger OR file loaded
16/06/2024 20:11:08 devpinoyLogger Chrome instance created
16/06/2024 20:11:08 devpinoyLogger Navigated to URL
16/06/2024 20:11:11 devpinoyLogger Browser maximized
16/06/2024 20:11:11 devpinoyLogger Inside login test 
16/06/2024 20:11:11 devpinoyLogger clicked on element  
16/06/2024 20:11:11 devpinoyLogger element is presentLOGINBUTTON
16/06/2024 20:11:12 devpinoyLogger Executing NavigateToBuyer
16/06/2024 20:11:13 devpinoyLogger Clicked on element using js[[ChromeDriver: chrome on windows (ec671d2e999657dc32097f6c52ed08dd)] -> xpath: //li[@id='buyer']/a//div/following-sibling::div]
16/06/2024 20:14:46 devpinoyLogger Browser closed
16/06/2024 23:54:24 devpinoyLogger Config file loaded
16/06/2024 23:54:24 devpinoyLogger OR file loaded
16/06/2024 23:54:26 devpinoyLogger Chrome instance created
16/06/2024 23:54:28 devpinoyLogger Navigated to URL
16/06/2024 23:54:28 devpinoyLogger Browser maximized
16/06/2024 23:54:28 devpinoyLogger Inside login test 
16/06/2024 23:54:29 devpinoyLogger clicked on element  
16/06/2024 23:54:29 devpinoyLogger element is presentLOGINBUTTON
16/06/2024 23:54:29 devpinoyLogger Executing NavigateToBuyer
16/06/2024 23:54:34 devpinoyLogger Clicked on element using js[[ChromeDriver: chrome on windows (a95ec6b95e6601cec8df55ebae92a1cb)] -> xpath: //li[@id='buyer']/a//div/following-sibling::div]
16/06/2024 23:54:36 devpinoyLogger Clicked on element using js[[ChromeDriver: chrome on windows (a95ec6b95e6601cec8df55ebae92a1cb)] -> css selector: #search_options option[value='searchBuyerName']]
16/06/2024 23:58:07 devpinoyLogger Browser closed
