20/06/2024 00:35:11 devpinoyLogger Config file loaded
20/06/2024 00:35:11 devpinoyLogger OR file loaded
20/06/2024 00:35:14 devpinoyLogger Chrome instance created
20/06/2024 00:35:16 devpinoyLogger Navigated to URL
20/06/2024 00:35:16 devpinoyLogger Browser maximized
20/06/2024 00:36:58 devpinoyLogger Config file loaded
20/06/2024 00:36:58 devpinoyLogger OR file loaded
20/06/2024 00:37:00 devpinoyLogger Chrome instance created
20/06/2024 00:37:05 devpinoyLogger Navigated to URL
20/06/2024 00:37:05 devpinoyLogger Browser maximized
20/06/2024 00:38:18 devpinoyLogger Config file loaded
20/06/2024 00:38:18 devpinoyLogger OR file loaded
20/06/2024 00:38:20 devpinoyLogger Chrome instance created
20/06/2024 00:38:22 devpinoyLogger Navigated to URL
20/06/2024 00:38:22 devpinoyLogger Browser maximized
20/06/2024 01:04:55 devpinoyLogger Config file loaded
20/06/2024 01:04:55 devpinoyLogger OR file loaded
20/06/2024 01:04:57 devpinoyLogger Chrome instance created
20/06/2024 01:05:00 devpinoyLogger Navigated to URL
20/06/2024 01:05:00 devpinoyLogger Browser maximized
20/06/2024 01:05:04 devpinoyLogger Browser closed
20/06/2024 01:06:14 devpinoyLogger Config file loaded
20/06/2024 01:06:14 devpinoyLogger OR file loaded
20/06/2024 01:06:17 devpinoyLogger Chrome instance created
20/06/2024 01:06:19 devpinoyLogger Navigated to URL
20/06/2024 01:06:19 devpinoyLogger Browser maximized
20/06/2024 01:06:20 devpinoyLogger Browser closed
20/06/2024 01:09:53 devpinoyLogger Config file loaded
20/06/2024 01:09:53 devpinoyLogger OR file loaded
20/06/2024 01:09:56 devpinoyLogger Chrome instance created
20/06/2024 01:09:56 devpinoyLogger Navigated to URL
20/06/2024 01:09:58 devpinoyLogger Browser maximized
20/06/2024 01:09:58 devpinoyLogger Inside login test 
20/06/2024 01:10:03 devpinoyLogger Executing NavigateToBuyer
20/06/2024 01:10:03 devpinoyLogger buyer name is MAYTOU
20/06/2024 01:18:19 devpinoyLogger Config file loaded
20/06/2024 01:18:19 devpinoyLogger OR file loaded
20/06/2024 01:18:22 devpinoyLogger Chrome instance created
20/06/2024 01:18:28 devpinoyLogger Navigated to URL
20/06/2024 01:18:28 devpinoyLogger Browser maximized
20/06/2024 01:18:28 devpinoyLogger Inside login test 
20/06/2024 01:18:33 devpinoyLogger Executing NavigateToBuyer
20/06/2024 01:18:33 devpinoyLogger buyer name is MAYTOU
