18/06/2024 19:26:26 devpinoyLogger Config file loaded
18/06/2024 19:26:26 devpinoyLogger OR file loaded
18/06/2024 19:26:28 devpinoyLogger Chrome instance created
18/06/2024 19:26:31 devpinoyLogger Navigated to URL
18/06/2024 19:26:31 devpinoyLogger Browser maximized
18/06/2024 19:26:31 devpinoyLogger Inside login test 
18/06/2024 19:28:56 devpinoyLogger Config file loaded
18/06/2024 19:28:56 devpinoyLogger OR file loaded
18/06/2024 19:28:57 devpinoyLogger Chrome instance created
18/06/2024 19:28:59 devpinoyLogger Navigated to URL
18/06/2024 19:28:59 devpinoyLogger Browser maximized
18/06/2024 19:29:00 devpinoyLogger Inside login test 
18/06/2024 19:37:48 devpinoyLogger Config file loaded
18/06/2024 19:37:48 devpinoyLogger OR file loaded
18/06/2024 19:37:51 devpinoyLogger Chrome instance created
18/06/2024 19:37:52 devpinoyLogger Navigated to URL
18/06/2024 19:38:09 devpinoyLogger Browser maximized
18/06/2024 19:38:09 devpinoyLogger Inside login test 
18/06/2024 19:42:55 devpinoyLogger Config file loaded
18/06/2024 19:42:55 devpinoyLogger OR file loaded
18/06/2024 19:42:57 devpinoyLogger Chrome instance created
18/06/2024 19:42:59 devpinoyLogger Navigated to URL
18/06/2024 19:42:59 devpinoyLogger Browser maximized
18/06/2024 19:42:59 devpinoyLogger Inside login test 
18/06/2024 20:04:00 devpinoyLogger Config file loaded
18/06/2024 20:04:00 devpinoyLogger OR file loaded
18/06/2024 20:04:02 devpinoyLogger Chrome instance created
18/06/2024 20:04:05 devpinoyLogger Navigated to URL
18/06/2024 20:04:05 devpinoyLogger Browser maximized
18/06/2024 20:04:05 devpinoyLogger Inside login test 
18/06/2024 20:09:09 devpinoyLogger Config file loaded
18/06/2024 20:09:09 devpinoyLogger OR file loaded
18/06/2024 20:09:11 devpinoyLogger Chrome instance created
18/06/2024 20:09:13 devpinoyLogger Navigated to URL
18/06/2024 20:09:13 devpinoyLogger Browser maximized
18/06/2024 20:09:13 devpinoyLogger Inside login test 
18/06/2024 20:12:37 devpinoyLogger Config file loaded
18/06/2024 20:12:37 devpinoyLogger OR file loaded
18/06/2024 20:12:39 devpinoyLogger Chrome instance created
18/06/2024 20:12:40 devpinoyLogger Navigated to URL
18/06/2024 20:12:43 devpinoyLogger Browser maximized
18/06/2024 20:12:43 devpinoyLogger Inside login test 
18/06/2024 20:12:43 devpinoyLogger Browser closed
18/06/2024 20:13:56 devpinoyLogger Config file loaded
18/06/2024 20:13:56 devpinoyLogger OR file loaded
18/06/2024 20:13:58 devpinoyLogger Chrome instance created
18/06/2024 20:14:00 devpinoyLogger Navigated to URL
18/06/2024 20:14:00 devpinoyLogger Browser maximized
18/06/2024 20:14:00 devpinoyLogger Inside login test 
18/06/2024 20:14:01 devpinoyLogger Browser closed
18/06/2024 20:21:07 devpinoyLogger Config file loaded
18/06/2024 20:21:07 devpinoyLogger OR file loaded
18/06/2024 20:21:09 devpinoyLogger Chrome instance created
18/06/2024 20:21:11 devpinoyLogger Navigated to URL
18/06/2024 20:21:11 devpinoyLogger Browser maximized
18/06/2024 20:21:11 devpinoyLogger Inside login test 
18/06/2024 20:21:12 devpinoyLogger Browser closed
18/06/2024 20:31:18 devpinoyLogger Config file loaded
18/06/2024 20:31:18 devpinoyLogger OR file loaded
18/06/2024 20:31:20 devpinoyLogger Chrome instance created
18/06/2024 20:31:22 devpinoyLogger Navigated to URL
18/06/2024 20:31:22 devpinoyLogger Browser maximized
18/06/2024 20:31:22 devpinoyLogger Inside login test 
18/06/2024 20:31:23 devpinoyLogger Browser closed
18/06/2024 20:32:06 devpinoyLogger Config file loaded
18/06/2024 20:32:06 devpinoyLogger OR file loaded
18/06/2024 20:32:08 devpinoyLogger Chrome instance created
18/06/2024 20:32:10 devpinoyLogger Navigated to URL
18/06/2024 20:32:10 devpinoyLogger Browser maximized
18/06/2024 20:32:10 devpinoyLogger Inside login test 
18/06/2024 20:32:11 devpinoyLogger Browser closed
