15/06/2024 18:33:48 devpinoyLogger Config file loaded
15/06/2024 18:33:48 devpinoyLogger OR file loaded
15/06/2024 18:33:50 devpinoyLogger Chrome instance created
15/06/2024 18:33:51 devpinoyLogger Navigated to URL
15/06/2024 18:33:51 devpinoyLogger Browser maximized
15/06/2024 18:33:51 devpinoyLogger Inside login test 
15/06/2024 18:33:51 devpinoyLogger clicked on element  
15/06/2024 18:33:52 devpinoyLogger Browser closed
15/06/2024 19:22:39 devpinoyLogger Config file loaded
15/06/2024 19:22:39 devpinoyLogger OR file loaded
15/06/2024 19:22:41 devpinoyLogger Chrome instance created
15/06/2024 19:22:50 devpinoyLogger Navigated to URL
15/06/2024 19:22:50 devpinoyLogger Browser maximized
15/06/2024 19:22:50 devpinoyLogger Inside login test 
15/06/2024 19:22:51 devpinoyLogger clicked on element  
15/06/2024 19:22:51 devpinoyLogger Browser closed
15/06/2024 22:14:13 devpinoyLogger Config file loaded
15/06/2024 22:14:13 devpinoyLogger OR file loaded
15/06/2024 22:14:15 devpinoyLogger Chrome instance created
15/06/2024 22:14:18 devpinoyLogger Navigated to URL
15/06/2024 22:14:18 devpinoyLogger Browser maximized
15/06/2024 22:14:18 devpinoyLogger Inside login test 
15/06/2024 22:14:18 devpinoyLogger clicked on element  
15/06/2024 22:14:18 devpinoyLogger Browser closed
15/06/2024 22:20:22 devpinoyLogger Config file loaded
15/06/2024 22:20:22 devpinoyLogger OR file loaded
15/06/2024 22:20:25 devpinoyLogger Chrome instance created
15/06/2024 22:20:27 devpinoyLogger Navigated to URL
15/06/2024 22:20:27 devpinoyLogger Browser maximized
15/06/2024 22:20:27 devpinoyLogger Inside login test 
15/06/2024 22:20:28 devpinoyLogger clicked on element  
15/06/2024 22:20:28 devpinoyLogger element is present
15/06/2024 22:20:28 devpinoyLogger Browser closed
15/06/2024 22:21:24 devpinoyLogger Config file loaded
15/06/2024 22:21:24 devpinoyLogger OR file loaded
15/06/2024 22:21:26 devpinoyLogger Chrome instance created
15/06/2024 22:21:28 devpinoyLogger Navigated to URL
15/06/2024 22:21:28 devpinoyLogger Browser maximized
15/06/2024 22:21:28 devpinoyLogger Inside login test 
15/06/2024 22:21:28 devpinoyLogger clicked on element  
15/06/2024 22:21:28 devpinoyLogger element is presentBy.cssSelector: #submit
15/06/2024 22:21:29 devpinoyLogger Browser closed
15/06/2024 23:30:31 devpinoyLogger Config file loaded
15/06/2024 23:30:31 devpinoyLogger OR file loaded
15/06/2024 23:30:34 devpinoyLogger Chrome instance created
15/06/2024 23:30:36 devpinoyLogger Navigated to URL
15/06/2024 23:30:36 devpinoyLogger Browser maximized
15/06/2024 23:30:36 devpinoyLogger Inside login test 
15/06/2024 23:30:36 devpinoyLogger clicked on element  
15/06/2024 23:30:36 devpinoyLogger element is presentBy.cssSelector: #submit#submit
15/06/2024 23:30:37 devpinoyLogger Browser closed
15/06/2024 23:32:49 devpinoyLogger Config file loaded
15/06/2024 23:32:49 devpinoyLogger OR file loaded
15/06/2024 23:32:51 devpinoyLogger Chrome instance created
15/06/2024 23:32:53 devpinoyLogger Navigated to URL
15/06/2024 23:32:54 devpinoyLogger Browser maximized
15/06/2024 23:32:54 devpinoyLogger Inside login test 
15/06/2024 23:32:54 devpinoyLogger clicked on element  
15/06/2024 23:32:54 devpinoyLogger element is presentLOGINBUTTON
15/06/2024 23:32:54 devpinoyLogger Browser closed
